*
* Visual Studio Code Server
*
* By using the software, you agree to
* the Visual Studio Code Server License Terms (https://aka.ms/vscode-server-license) and
* the Microsoft Privacy Statement (https://privacy.microsoft.com/en-US/privacystatement).
*
Server bound to 127.0.0.1:40527 (IPv4)
Extension host agent listening on 40527

[12:01:04] Extension host agent started.
[12:01:04] Started initializing default profile extensions in extensions installation folder. file:///home/ubuntu/.vscode-server/extensions
[12:01:04] Completed initializing default profile extensions in extensions installation folder. file:///home/ubuntu/.vscode-server/extensions
[12:01:05] [127.0.0.1][2dc19478][ManagementConnection] New connection established.
[12:01:05] [127.0.0.1][a81b9c9a][ExtensionHostConnection] New connection established.
[12:01:05] [127.0.0.1][a81b9c9a][ExtensionHostConnection] <1566> Launched Extension Host Process.
[IPC Library: Pty Host]  WARN Shell integration cannot be enabled for executable "/bin/sh" and args [
  '-c',
  'wget --version > /dev/null\n' +
    'if [ $? -eq 0 ]\n' +
    'then\n' +
    "\twget --connect-timeout=7 --tries=1 --dns-timeout=7 -q --header='Metadata:true' -O - http://169.254.169.254/metadata/instance?api-version=2019-03-11\n" +
    'else\n' +
    '\tcurl --version > /dev/null\n' +
    '\tif [ $? -eq 0 ]\n' +
    '\tthen\n' +
    "\t\tcurl --connect-timeout 7 -s --header='Metadata:true' http://169.254.169.254/metadata/instance?api-version=2019-03-11\n" +
    '\tfi\n' +
    'fi\n' +
    'exit 0'
]
[IPC Library: Pty Host]  WARN Shell integration cannot be enabled for executable "/bin/sh" and args [
  '-c',
  'wget --version > /dev/null\n' +
    'if [ $? -eq 0 ]\n' +
    'then\n' +
    '\twget --connect-timeout=7 --tries=1 --dns-timeout=7 -q  -O - http://169.254.169.254/latest/meta-data/instance-id\n' +
    'else\n' +
    '\tcurl --version > /dev/null\n' +
    '\tif [ $? -eq 0 ]\n' +
    '\tthen\n' +
    '\t\tcurl --connect-timeout 7 -s  http://169.254.169.254/latest/meta-data/instance-id\n' +
    '\tfi\n' +
    'fi\n' +
    'exit 0'
]
[IPC Library: Pty Host]  WARN Shell integration cannot be enabled for executable "/bin/sh" and args [
  '-c',
  'wget --version > /dev/null\n' +
    'if [ $? -eq 0 ]\n' +
    'then\n' +
    '\twget --connect-timeout=7 --tries=1 --dns-timeout=7 -q  -O - http://169.254.169.254/metadata/v1/id\n' +
    'else\n' +
    '\tcurl --version > /dev/null\n' +
    '\tif [ $? -eq 0 ]\n' +
    '\tthen\n' +
    '\t\tcurl --connect-timeout 7 -s  http://169.254.169.254/metadata/v1/id\n' +
    '\tfi\n' +
    'fi\n' +
    'exit 0'
]
[IPC Library: Pty Host]  WARN Shell integration cannot be enabled for executable "/bin/sh" and args [
  '-c',
  'wget --version > /dev/null\n' +
    'if [ $? -eq 0 ]\n' +
    'then\n' +
    "\twget --connect-timeout=7 --tries=1 --dns-timeout=7 -q --header='Metadata-Flavor:Google' -O - http://metadata.google.internal/computeMetadata/v1/instance/id\n" +
    'else\n' +
    '\tcurl --version > /dev/null\n' +
    '\tif [ $? -eq 0 ]\n' +
    '\tthen\n' +
    "\t\tcurl --connect-timeout 7 -s --header='Metadata-Flavor:Google' http://metadata.google.internal/computeMetadata/v1/instance/id\n" +
    '\tfi\n' +
    'fi\n' +
    'exit 0'
]
[12:01:23] [127.0.0.1][2dc19478][ManagementConnection] The client has disconnected gracefully, so the connection will be disposed.
[12:01:23] [127.0.0.1][a81b9c9a][ExtensionHostConnection] <1566> Extension Host Process exited with code: 0, signal: null.
Last EH closed, waiting before shutting down
[12:01:23] Last EH closed, waiting before shutting down
Got delay-shutdown request while in shutdown timeout, delaying
[12:01:30] Got delay-shutdown request while in shutdown timeout, delaying
Cancelling previous shutdown timeout
[12:01:30] Cancelling previous shutdown timeout
[12:01:31] [127.0.0.1][21ff2da8][ManagementConnection] New connection established.
[12:01:31] [127.0.0.1][6bb7ebdb][ExtensionHostConnection] New connection established.
[12:01:31] [127.0.0.1][6bb7ebdb][ExtensionHostConnection] <1707> Launched Extension Host Process.
[IPC Library: Pty Host]  WARN Shell integration cannot be enabled for executable "/bin/sh" and args [
  '-c',
  'wget --version > /dev/null\n' +
    'if [ $? -eq 0 ]\n' +
    'then\n' +
    "\twget --connect-timeout=7 --tries=1 --dns-timeout=7 -q --header='Metadata:true' -O - http://169.254.169.254/metadata/instance?api-version=2019-03-11\n" +
    'else\n' +
    '\tcurl --version > /dev/null\n' +
    '\tif [ $? -eq 0 ]\n' +
    '\tthen\n' +
    "\t\tcurl --connect-timeout 7 -s --header='Metadata:true' http://169.254.169.254/metadata/instance?api-version=2019-03-11\n" +
    '\tfi\n' +
    'fi\n' +
    'exit 0'
]
[IPC Library: Pty Host]  WARN Shell integration cannot be enabled for executable "/bin/sh" and args [
  '-c',
  'wget --version > /dev/null\n' +
    'if [ $? -eq 0 ]\n' +
    'then\n' +
    '\twget --connect-timeout=7 --tries=1 --dns-timeout=7 -q  -O - http://169.254.169.254/latest/meta-data/instance-id\n' +
    'else\n' +
    '\tcurl --version > /dev/null\n' +
    '\tif [ $? -eq 0 ]\n' +
    '\tthen\n' +
    '\t\tcurl --connect-timeout 7 -s  http://169.254.169.254/latest/meta-data/instance-id\n' +
    '\tfi\n' +
    'fi\n' +
    'exit 0'
]
[IPC Library: Pty Host]  WARN Shell integration cannot be enabled for executable "/bin/sh" and args [
  '-c',
  'wget --version > /dev/null\n' +
    'if [ $? -eq 0 ]\n' +
    'then\n' +
    '\twget --connect-timeout=7 --tries=1 --dns-timeout=7 -q  -O - http://169.254.169.254/metadata/v1/id\n' +
    'else\n' +
    '\tcurl --version > /dev/null\n' +
    '\tif [ $? -eq 0 ]\n' +
    '\tthen\n' +
    '\t\tcurl --connect-timeout 7 -s  http://169.254.169.254/metadata/v1/id\n' +
    '\tfi\n' +
    'fi\n' +
    'exit 0'
]
[IPC Library: Pty Host]  WARN Shell integration cannot be enabled for executable "/bin/sh" and args [
  '-c',
  'wget --version > /dev/null\n' +
    'if [ $? -eq 0 ]\n' +
    'then\n' +
    "\twget --connect-timeout=7 --tries=1 --dns-timeout=7 -q --header='Metadata-Flavor:Google' -O - http://metadata.google.internal/computeMetadata/v1/instance/id\n" +
    'else\n' +
    '\tcurl --version > /dev/null\n' +
    '\tif [ $? -eq 0 ]\n' +
    '\tthen\n' +
    "\t\tcurl --connect-timeout 7 -s --header='Metadata-Flavor:Google' http://metadata.google.internal/computeMetadata/v1/instance/id\n" +
    '\tfi\n' +
    'fi\n' +
    'exit 0'
]
New EH opened, aborting shutdown
[12:06:30] New EH opened, aborting shutdown
[12:08:03] [File Watcher (parcel)] Unexpected error: std::bad_alloc (EUNKNOWN) (path: /home/ubuntu)
[12:08:03] [File Watcher (universal)] restarting watcher after error: std::bad_alloc
IPC "File Watcher" errored with Error: spawn /home/ubuntu/.vscode-server/bin/5235c6bb189b60b01b1f49062f4ffa42384f8c91/node ENOENT
[12:20:32] Getting Manifest... ms-ceintl.vscode-language-pack-es
[12:20:32] Installing extension: ms-ceintl.vscode-language-pack-es
[12:20:33] Extracted extension to /home/ubuntu/.vscode-server/extensions/.467571d9-28fb-4f92-84f1-e02d97bdb760: ms-ceintl.vscode-language-pack-es
[12:20:33] Renamed to /home/ubuntu/.vscode-server/extensions/ms-ceintl.vscode-language-pack-es-1.74.12140936
[12:20:33] Extracting completed. ms-ceintl.vscode-language-pack-es
[12:20:33] Adding language packs from the extension ms-ceintl.vscode-language-pack-es
[12:20:33] Extension installed successfully: ms-ceintl.vscode-language-pack-es
[13:08:09] [127.0.0.1][21ff2da8][ManagementConnection] The client has disconnected gracefully, so the connection will be disposed.
[13:08:09] [127.0.0.1][6bb7ebdb][ExtensionHostConnection] <1707> Extension Host Process exited with code: 0, signal: null.
Last EH closed, waiting before shutting down
[13:08:09] Last EH closed, waiting before shutting down
Got delay-shutdown request while in shutdown timeout, delaying
[13:08:36] Got delay-shutdown request while in shutdown timeout, delaying
Cancelling previous shutdown timeout
[13:08:36] Cancelling previous shutdown timeout
[13:08:37] [127.0.0.1][640bcd23][ManagementConnection] New connection established.
[13:08:37] [127.0.0.1][04959a5c][ExtensionHostConnection] New connection established.
[13:08:37] [127.0.0.1][04959a5c][ExtensionHostConnection] <18473> Launched Extension Host Process.
[IPC Library: Pty Host]  WARN Shell integration cannot be enabled for executable "/bin/sh" and args [
  '-c',
  'wget --version > /dev/null\n' +
    'if [ $? -eq 0 ]\n' +
    'then\n' +
    "\twget --connect-timeout=7 --tries=1 --dns-timeout=7 -q --header='Metadata:true' -O - http://169.254.169.254/metadata/instance?api-version=2019-03-11\n" +
    'else\n' +
    '\tcurl --version > /dev/null\n' +
    '\tif [ $? -eq 0 ]\n' +
    '\tthen\n' +
    "\t\tcurl --connect-timeout 7 -s --header='Metadata:true' http://169.254.169.254/metadata/instance?api-version=2019-03-11\n" +
    '\tfi\n' +
    'fi\n' +
    'exit 0'
]
[IPC Library: Pty Host]  WARN Shell integration cannot be enabled for executable "/bin/sh" and args [
  '-c',
  'wget --version > /dev/null\n' +
    'if [ $? -eq 0 ]\n' +
    'then\n' +
    '\twget --connect-timeout=7 --tries=1 --dns-timeout=7 -q  -O - http://169.254.169.254/latest/meta-data/instance-id\n' +
    'else\n' +
    '\tcurl --version > /dev/null\n' +
    '\tif [ $? -eq 0 ]\n' +
    '\tthen\n' +
    '\t\tcurl --connect-timeout 7 -s  http://169.254.169.254/latest/meta-data/instance-id\n' +
    '\tfi\n' +
    'fi\n' +
    'exit 0'
]
[IPC Library: Pty Host]  WARN Shell integration cannot be enabled for executable "/bin/sh" and args [
  '-c',
  'wget --version > /dev/null\n' +
    'if [ $? -eq 0 ]\n' +
    'then\n' +
    '\twget --connect-timeout=7 --tries=1 --dns-timeout=7 -q  -O - http://169.254.169.254/metadata/v1/id\n' +
    'else\n' +
    '\tcurl --version > /dev/null\n' +
    '\tif [ $? -eq 0 ]\n' +
    '\tthen\n' +
    '\t\tcurl --connect-timeout 7 -s  http://169.254.169.254/metadata/v1/id\n' +
    '\tfi\n' +
    'fi\n' +
    'exit 0'
]
[IPC Library: Pty Host]  WARN Shell integration cannot be enabled for executable "/bin/sh" and args [
  '-c',
  'wget --version > /dev/null\n' +
    'if [ $? -eq 0 ]\n' +
    'then\n' +
    "\twget --connect-timeout=7 --tries=1 --dns-timeout=7 -q --header='Metadata-Flavor:Google' -O - http://metadata.google.internal/computeMetadata/v1/instance/id\n" +
    'else\n' +
    '\tcurl --version > /dev/null\n' +
    '\tif [ $? -eq 0 ]\n' +
    '\tthen\n' +
    "\t\tcurl --connect-timeout 7 -s --header='Metadata-Flavor:Google' http://metadata.google.internal/computeMetadata/v1/instance/id\n" +
    '\tfi\n' +
    'fi\n' +
    'exit 0'
]
[13:08:47] [127.0.0.1][640bcd23][ManagementConnection] The client has disconnected gracefully, so the connection will be disposed.
[13:08:47] [127.0.0.1][04959a5c][ExtensionHostConnection] <18473> Extension Host Process exited with code: 0, signal: null.
Cancelling previous shutdown timeout
[13:08:47] Cancelling previous shutdown timeout
Last EH closed, waiting before shutting down
[13:08:47] Last EH closed, waiting before shutting down
Got delay-shutdown request while in shutdown timeout, delaying
[13:08:51] Got delay-shutdown request while in shutdown timeout, delaying
Cancelling previous shutdown timeout
[13:08:51] Cancelling previous shutdown timeout
[13:08:52] [127.0.0.1][71ad97d5][ManagementConnection] New connection established.
[13:08:52] [127.0.0.1][a5c958b8][ExtensionHostConnection] New connection established.
[13:08:52] [127.0.0.1][a5c958b8][ExtensionHostConnection] <18602> Launched Extension Host Process.
[IPC Library: Pty Host]  WARN Shell integration cannot be enabled for executable "/bin/sh" and args [
  '-c',
  'wget --version > /dev/null\n' +
    'if [ $? -eq 0 ]\n' +
    'then\n' +
    "\twget --connect-timeout=7 --tries=1 --dns-timeout=7 -q --header='Metadata:true' -O - http://169.254.169.254/metadata/instance?api-version=2019-03-11\n" +
    'else\n' +
    '\tcurl --version > /dev/null\n' +
    '\tif [ $? -eq 0 ]\n' +
    '\tthen\n' +
    "\t\tcurl --connect-timeout 7 -s --header='Metadata:true' http://169.254.169.254/metadata/instance?api-version=2019-03-11\n" +
    '\tfi\n' +
    'fi\n' +
    'exit 0'
]
[IPC Library: Pty Host]  WARN Shell integration cannot be enabled for executable "/bin/sh" and args [
  '-c',
  'wget --version > /dev/null\n' +
    'if [ $? -eq 0 ]\n' +
    'then\n' +
    '\twget --connect-timeout=7 --tries=1 --dns-timeout=7 -q  -O - http://169.254.169.254/latest/meta-data/instance-id\n' +
    'else\n' +
    '\tcurl --version > /dev/null\n' +
    '\tif [ $? -eq 0 ]\n' +
    '\tthen\n' +
    '\t\tcurl --connect-timeout 7 -s  http://169.254.169.254/latest/meta-data/instance-id\n' +
    '\tfi\n' +
    'fi\n' +
    'exit 0'
]
[IPC Library: Pty Host]  WARN Shell integration cannot be enabled for executable "/bin/sh" and args [
  '-c',
  'wget --version > /dev/null\n' +
    'if [ $? -eq 0 ]\n' +
    'then\n' +
    '\twget --connect-timeout=7 --tries=1 --dns-timeout=7 -q  -O - http://169.254.169.254/metadata/v1/id\n' +
    'else\n' +
    '\tcurl --version > /dev/null\n' +
    '\tif [ $? -eq 0 ]\n' +
    '\tthen\n' +
    '\t\tcurl --connect-timeout 7 -s  http://169.254.169.254/metadata/v1/id\n' +
    '\tfi\n' +
    'fi\n' +
    'exit 0'
]
[IPC Library: Pty Host]  WARN Shell integration cannot be enabled for executable "/bin/sh" and args [
  '-c',
  'wget --version > /dev/null\n' +
    'if [ $? -eq 0 ]\n' +
    'then\n' +
    "\twget --connect-timeout=7 --tries=1 --dns-timeout=7 -q --header='Metadata-Flavor:Google' -O - http://metadata.google.internal/computeMetadata/v1/instance/id\n" +
    'else\n' +
    '\tcurl --version > /dev/null\n' +
    '\tif [ $? -eq 0 ]\n' +
    '\tthen\n' +
    "\t\tcurl --connect-timeout 7 -s --header='Metadata-Flavor:Google' http://metadata.google.internal/computeMetadata/v1/instance/id\n" +
    '\tfi\n' +
    'fi\n' +
    'exit 0'
]
rejected promise not handled within 1 second: CodeExpectedError: Could not find pty on pty host
stack trace: CodeExpectedError: Could not find pty on pty host
    at h.J (/home/ubuntu/.vscode-server/bin/5235c6bb189b60b01b1f49062f4ffa42384f8c91/out/vs/platform/terminal/node/ptyHostMain.js:27:6395)
    at h.updateTitle (/home/ubuntu/.vscode-server/bin/5235c6bb189b60b01b1f49062f4ffa42384f8c91/out/vs/platform/terminal/node/ptyHostMain.js:27:2665)
    at Object.call (/home/ubuntu/.vscode-server/bin/5235c6bb189b60b01b1f49062f4ffa42384f8c91/out/vs/platform/terminal/node/ptyHostMain.js:17:5110)
    at r.q (/home/ubuntu/.vscode-server/bin/5235c6bb189b60b01b1f49062f4ffa42384f8c91/out/vs/platform/terminal/node/ptyHostMain.js:15:5390)
    at r.p (/home/ubuntu/.vscode-server/bin/5235c6bb189b60b01b1f49062f4ffa42384f8c91/out/vs/platform/terminal/node/ptyHostMain.js:15:4881)
    at /home/ubuntu/.vscode-server/bin/5235c6bb189b60b01b1f49062f4ffa42384f8c91/out/vs/platform/terminal/node/ptyHostMain.js:15:4286
    at n.invoke (/home/ubuntu/.vscode-server/bin/5235c6bb189b60b01b1f49062f4ffa42384f8c91/out/vs/platform/terminal/node/ptyHostMain.js:11:145)
    at C.deliver (/home/ubuntu/.vscode-server/bin/5235c6bb189b60b01b1f49062f4ffa42384f8c91/out/vs/platform/terminal/node/ptyHostMain.js:11:2038)
    at v.fire (/home/ubuntu/.vscode-server/bin/5235c6bb189b60b01b1f49062f4ffa42384f8c91/out/vs/platform/terminal/node/ptyHostMain.js:11:1676)
    at process.O (/home/ubuntu/.vscode-server/bin/5235c6bb189b60b01b1f49062f4ffa42384f8c91/out/vs/platform/terminal/node/ptyHostMain.js:9:20886)
    at process.emit (node:events:526:28)
    at emit (node:internal/child_process:938:14)
    at processTicksAndRejections (node:internal/process/task_queues:84:21)
[13:08:54] Error [CodeExpectedError]: Could not find pty on pty host
    at h.J (/home/ubuntu/.vscode-server/bin/5235c6bb189b60b01b1f49062f4ffa42384f8c91/out/vs/platform/terminal/node/ptyHostMain.js:27:6395)
    at h.updateTitle (/home/ubuntu/.vscode-server/bin/5235c6bb189b60b01b1f49062f4ffa42384f8c91/out/vs/platform/terminal/node/ptyHostMain.js:27:2665)
    at Object.call (/home/ubuntu/.vscode-server/bin/5235c6bb189b60b01b1f49062f4ffa42384f8c91/out/vs/platform/terminal/node/ptyHostMain.js:17:5110)
    at r.q (/home/ubuntu/.vscode-server/bin/5235c6bb189b60b01b1f49062f4ffa42384f8c91/out/vs/platform/terminal/node/ptyHostMain.js:15:5390)
    at r.p (/home/ubuntu/.vscode-server/bin/5235c6bb189b60b01b1f49062f4ffa42384f8c91/out/vs/platform/terminal/node/ptyHostMain.js:15:4881)
    at /home/ubuntu/.vscode-server/bin/5235c6bb189b60b01b1f49062f4ffa42384f8c91/out/vs/platform/terminal/node/ptyHostMain.js:15:4286
    at n.invoke (/home/ubuntu/.vscode-server/bin/5235c6bb189b60b01b1f49062f4ffa42384f8c91/out/vs/platform/terminal/node/ptyHostMain.js:11:145)
    at C.deliver (/home/ubuntu/.vscode-server/bin/5235c6bb189b60b01b1f49062f4ffa42384f8c91/out/vs/platform/terminal/node/ptyHostMain.js:11:2038)
    at v.fire (/home/ubuntu/.vscode-server/bin/5235c6bb189b60b01b1f49062f4ffa42384f8c91/out/vs/platform/terminal/node/ptyHostMain.js:11:1676)
    at process.O (/home/ubuntu/.vscode-server/bin/5235c6bb189b60b01b1f49062f4ffa42384f8c91/out/vs/platform/terminal/node/ptyHostMain.js:9:20886)
    at process.emit (node:events:526:28)
    at emit (node:internal/child_process:938:14)
    at processTicksAndRejections (node:internal/process/task_queues:84:21)
