*
* Visual Studio Code Server
*
* By using the software, you agree to
* the Visual Studio Code Server License Terms (https://aka.ms/vscode-server-license) and
* the Microsoft Privacy Statement (https://privacy.microsoft.com/en-US/privacystatement).
*
Server bound to 127.0.0.1:44827 (IPv4)
Extension host agent listening on 44827

[12:15:15] Extension host agent started.
[12:15:16] Started initializing default profile extensions in extensions installation folder. file:///home/ubuntu/.vscode-server/extensions
[12:15:16] Completed initializing default profile extensions in extensions installation folder. file:///home/ubuntu/.vscode-server/extensions
[12:15:16] [127.0.0.1][445f8b32][ManagementConnection] New connection established.
[12:15:16] [127.0.0.1][a0f20603][ExtensionHostConnection] New connection established.
[12:15:16] [127.0.0.1][a0f20603][ExtensionHostConnection] <1584> Launched Extension Host Process.
[IPC Library: Pty Host]  WARN Shell integration cannot be enabled for executable "/bin/sh" and args [
  '-c',
  'wget --version > /dev/null\n' +
    'if [ $? -eq 0 ]\n' +
    'then\n' +
    "\twget --connect-timeout=7 --tries=1 --dns-timeout=7 -q --header='Metadata:true' -O - http://169.254.169.254/metadata/instance?api-version=2019-03-11\n" +
    'else\n' +
    '\tcurl --version > /dev/null\n' +
    '\tif [ $? -eq 0 ]\n' +
    '\tthen\n' +
    "\t\tcurl --connect-timeout 7 -s --header='Metadata:true' http://169.254.169.254/metadata/instance?api-version=2019-03-11\n" +
    '\tfi\n' +
    'fi\n' +
    'exit 0'
]
[IPC Library: Pty Host]  WARN Shell integration cannot be enabled for executable "/bin/sh" and args [
  '-c',
  'wget --version > /dev/null\n' +
    'if [ $? -eq 0 ]\n' +
    'then\n' +
    '\twget --connect-timeout=7 --tries=1 --dns-timeout=7 -q  -O - http://169.254.169.254/latest/meta-data/instance-id\n' +
    'else\n' +
    '\tcurl --version > /dev/null\n' +
    '\tif [ $? -eq 0 ]\n' +
    '\tthen\n' +
    '\t\tcurl --connect-timeout 7 -s  http://169.254.169.254/latest/meta-data/instance-id\n' +
    '\tfi\n' +
    'fi\n' +
    'exit 0'
]
[IPC Library: Pty Host]  WARN Shell integration cannot be enabled for executable "/bin/sh" and args [
  '-c',
  'wget --version > /dev/null\n' +
    'if [ $? -eq 0 ]\n' +
    'then\n' +
    '\twget --connect-timeout=7 --tries=1 --dns-timeout=7 -q  -O - http://169.254.169.254/metadata/v1/id\n' +
    'else\n' +
    '\tcurl --version > /dev/null\n' +
    '\tif [ $? -eq 0 ]\n' +
    '\tthen\n' +
    '\t\tcurl --connect-timeout 7 -s  http://169.254.169.254/metadata/v1/id\n' +
    '\tfi\n' +
    'fi\n' +
    'exit 0'
]
[IPC Library: Pty Host]  WARN Shell integration cannot be enabled for executable "/bin/sh" and args [
  '-c',
  'wget --version > /dev/null\n' +
    'if [ $? -eq 0 ]\n' +
    'then\n' +
    "\twget --connect-timeout=7 --tries=1 --dns-timeout=7 -q --header='Metadata-Flavor:Google' -O - http://metadata.google.internal/computeMetadata/v1/instance/id\n" +
    'else\n' +
    '\tcurl --version > /dev/null\n' +
    '\tif [ $? -eq 0 ]\n' +
    '\tthen\n' +
    "\t\tcurl --connect-timeout 7 -s --header='Metadata-Flavor:Google' http://metadata.google.internal/computeMetadata/v1/instance/id\n" +
    '\tfi\n' +
    'fi\n' +
    'exit 0'
]
[12:16:55] [127.0.0.1][445f8b32][ManagementConnection] The client has disconnected gracefully, so the connection will be disposed.
[12:16:55] [127.0.0.1][a0f20603][ExtensionHostConnection] <1584> Extension Host Process exited with code: 0, signal: null.
Last EH closed, waiting before shutting down
[12:16:55] Last EH closed, waiting before shutting down
Got delay-shutdown request while in shutdown timeout, delaying
[12:17:01] Got delay-shutdown request while in shutdown timeout, delaying
Cancelling previous shutdown timeout
[12:17:01] Cancelling previous shutdown timeout
[12:17:02] [127.0.0.1][6cfaf69b][ManagementConnection] New connection established.
[12:17:02] [127.0.0.1][b92414e2][ExtensionHostConnection] New connection established.
[12:17:02] [127.0.0.1][b92414e2][ExtensionHostConnection] <1737> Launched Extension Host Process.
[IPC Library: Pty Host]  WARN Shell integration cannot be enabled for executable "/bin/sh" and args [
  '-c',
  'wget --version > /dev/null\n' +
    'if [ $? -eq 0 ]\n' +
    'then\n' +
    "\twget --connect-timeout=7 --tries=1 --dns-timeout=7 -q --header='Metadata:true' -O - http://169.254.169.254/metadata/instance?api-version=2019-03-11\n" +
    'else\n' +
    '\tcurl --version > /dev/null\n' +
    '\tif [ $? -eq 0 ]\n' +
    '\tthen\n' +
    "\t\tcurl --connect-timeout 7 -s --header='Metadata:true' http://169.254.169.254/metadata/instance?api-version=2019-03-11\n" +
    '\tfi\n' +
    'fi\n' +
    'exit 0'
]
[IPC Library: Pty Host]  WARN Shell integration cannot be enabled for executable "/bin/sh" and args [
  '-c',
  'wget --version > /dev/null\n' +
    'if [ $? -eq 0 ]\n' +
    'then\n' +
    '\twget --connect-timeout=7 --tries=1 --dns-timeout=7 -q  -O - http://169.254.169.254/latest/meta-data/instance-id\n' +
    'else\n' +
    '\tcurl --version > /dev/null\n' +
    '\tif [ $? -eq 0 ]\n' +
    '\tthen\n' +
    '\t\tcurl --connect-timeout 7 -s  http://169.254.169.254/latest/meta-data/instance-id\n' +
    '\tfi\n' +
    'fi\n' +
    'exit 0'
]
[IPC Library: Pty Host]  WARN Shell integration cannot be enabled for executable "/bin/sh" and args [
  '-c',
  'wget --version > /dev/null\n' +
    'if [ $? -eq 0 ]\n' +
    'then\n' +
    '\twget --connect-timeout=7 --tries=1 --dns-timeout=7 -q  -O - http://169.254.169.254/metadata/v1/id\n' +
    'else\n' +
    '\tcurl --version > /dev/null\n' +
    '\tif [ $? -eq 0 ]\n' +
    '\tthen\n' +
    '\t\tcurl --connect-timeout 7 -s  http://169.254.169.254/metadata/v1/id\n' +
    '\tfi\n' +
    'fi\n' +
    'exit 0'
]
[IPC Library: Pty Host]  WARN Shell integration cannot be enabled for executable "/bin/sh" and args [
  '-c',
  'wget --version > /dev/null\n' +
    'if [ $? -eq 0 ]\n' +
    'then\n' +
    "\twget --connect-timeout=7 --tries=1 --dns-timeout=7 -q --header='Metadata-Flavor:Google' -O - http://metadata.google.internal/computeMetadata/v1/instance/id\n" +
    'else\n' +
    '\tcurl --version > /dev/null\n' +
    '\tif [ $? -eq 0 ]\n' +
    '\tthen\n' +
    "\t\tcurl --connect-timeout 7 -s --header='Metadata-Flavor:Google' http://metadata.google.internal/computeMetadata/v1/instance/id\n" +
    '\tfi\n' +
    'fi\n' +
    'exit 0'
]
rejected promise not handled within 1 second: CodeExpectedError: Could not find pty on pty host
stack trace: CodeExpectedError: Could not find pty on pty host
    at h.J (/home/ubuntu/.vscode-server/bin/5235c6bb189b60b01b1f49062f4ffa42384f8c91/out/vs/platform/terminal/node/ptyHostMain.js:27:6395)
    at h.updateTitle (/home/ubuntu/.vscode-server/bin/5235c6bb189b60b01b1f49062f4ffa42384f8c91/out/vs/platform/terminal/node/ptyHostMain.js:27:2665)
    at Object.call (/home/ubuntu/.vscode-server/bin/5235c6bb189b60b01b1f49062f4ffa42384f8c91/out/vs/platform/terminal/node/ptyHostMain.js:17:5110)
    at r.q (/home/ubuntu/.vscode-server/bin/5235c6bb189b60b01b1f49062f4ffa42384f8c91/out/vs/platform/terminal/node/ptyHostMain.js:15:5390)
    at r.p (/home/ubuntu/.vscode-server/bin/5235c6bb189b60b01b1f49062f4ffa42384f8c91/out/vs/platform/terminal/node/ptyHostMain.js:15:4881)
    at /home/ubuntu/.vscode-server/bin/5235c6bb189b60b01b1f49062f4ffa42384f8c91/out/vs/platform/terminal/node/ptyHostMain.js:15:4286
    at n.invoke (/home/ubuntu/.vscode-server/bin/5235c6bb189b60b01b1f49062f4ffa42384f8c91/out/vs/platform/terminal/node/ptyHostMain.js:11:145)
    at C.deliver (/home/ubuntu/.vscode-server/bin/5235c6bb189b60b01b1f49062f4ffa42384f8c91/out/vs/platform/terminal/node/ptyHostMain.js:11:2038)
    at v.fire (/home/ubuntu/.vscode-server/bin/5235c6bb189b60b01b1f49062f4ffa42384f8c91/out/vs/platform/terminal/node/ptyHostMain.js:11:1676)
    at process.O (/home/ubuntu/.vscode-server/bin/5235c6bb189b60b01b1f49062f4ffa42384f8c91/out/vs/platform/terminal/node/ptyHostMain.js:9:20886)
    at process.emit (node:events:526:28)
    at emit (node:internal/child_process:938:14)
    at processTicksAndRejections (node:internal/process/task_queues:84:21)
[12:17:04] Error [CodeExpectedError]: Could not find pty on pty host
    at h.J (/home/ubuntu/.vscode-server/bin/5235c6bb189b60b01b1f49062f4ffa42384f8c91/out/vs/platform/terminal/node/ptyHostMain.js:27:6395)
    at h.updateTitle (/home/ubuntu/.vscode-server/bin/5235c6bb189b60b01b1f49062f4ffa42384f8c91/out/vs/platform/terminal/node/ptyHostMain.js:27:2665)
    at Object.call (/home/ubuntu/.vscode-server/bin/5235c6bb189b60b01b1f49062f4ffa42384f8c91/out/vs/platform/terminal/node/ptyHostMain.js:17:5110)
    at r.q (/home/ubuntu/.vscode-server/bin/5235c6bb189b60b01b1f49062f4ffa42384f8c91/out/vs/platform/terminal/node/ptyHostMain.js:15:5390)
    at r.p (/home/ubuntu/.vscode-server/bin/5235c6bb189b60b01b1f49062f4ffa42384f8c91/out/vs/platform/terminal/node/ptyHostMain.js:15:4881)
    at /home/ubuntu/.vscode-server/bin/5235c6bb189b60b01b1f49062f4ffa42384f8c91/out/vs/platform/terminal/node/ptyHostMain.js:15:4286
    at n.invoke (/home/ubuntu/.vscode-server/bin/5235c6bb189b60b01b1f49062f4ffa42384f8c91/out/vs/platform/terminal/node/ptyHostMain.js:11:145)
    at C.deliver (/home/ubuntu/.vscode-server/bin/5235c6bb189b60b01b1f49062f4ffa42384f8c91/out/vs/platform/terminal/node/ptyHostMain.js:11:2038)
    at v.fire (/home/ubuntu/.vscode-server/bin/5235c6bb189b60b01b1f49062f4ffa42384f8c91/out/vs/platform/terminal/node/ptyHostMain.js:11:1676)
    at process.O (/home/ubuntu/.vscode-server/bin/5235c6bb189b60b01b1f49062f4ffa42384f8c91/out/vs/platform/terminal/node/ptyHostMain.js:9:20886)
    at process.emit (node:events:526:28)
    at emit (node:internal/child_process:938:14)
    at processTicksAndRejections (node:internal/process/task_queues:84:21)
[12:18:35] [127.0.0.1][6cfaf69b][ManagementConnection] The client has disconnected gracefully, so the connection will be disposed.
[12:18:35] [127.0.0.1][b92414e2][ExtensionHostConnection] <1737> Extension Host Process exited with code: 0, signal: null.
Cancelling previous shutdown timeout
[12:18:35] Cancelling previous shutdown timeout
Last EH closed, waiting before shutting down
[12:18:35] Last EH closed, waiting before shutting down
Got delay-shutdown request while in shutdown timeout, delaying
[12:18:41] Got delay-shutdown request while in shutdown timeout, delaying
Cancelling previous shutdown timeout
[12:18:41] Cancelling previous shutdown timeout
[12:18:41] [127.0.0.1][dc5ba04d][ManagementConnection] New connection established.
[12:18:41] [127.0.0.1][827de81f][ExtensionHostConnection] New connection established.
[12:18:41] [127.0.0.1][827de81f][ExtensionHostConnection] <1901> Launched Extension Host Process.
[IPC Library: Pty Host]  WARN Shell integration cannot be enabled for executable "/bin/sh" and args [
  '-c',
  'wget --version > /dev/null\n' +
    'if [ $? -eq 0 ]\n' +
    'then\n' +
    "\twget --connect-timeout=7 --tries=1 --dns-timeout=7 -q --header='Metadata:true' -O - http://169.254.169.254/metadata/instance?api-version=2019-03-11\n" +
    'else\n' +
    '\tcurl --version > /dev/null\n' +
    '\tif [ $? -eq 0 ]\n' +
    '\tthen\n' +
    "\t\tcurl --connect-timeout 7 -s --header='Metadata:true' http://169.254.169.254/metadata/instance?api-version=2019-03-11\n" +
    '\tfi\n' +
    'fi\n' +
    'exit 0'
]
[IPC Library: Pty Host]  WARN Shell integration cannot be enabled for executable "/bin/sh" and args [
  '-c',
  'wget --version > /dev/null\n' +
    'if [ $? -eq 0 ]\n' +
    'then\n' +
    '\twget --connect-timeout=7 --tries=1 --dns-timeout=7 -q  -O - http://169.254.169.254/latest/meta-data/instance-id\n' +
    'else\n' +
    '\tcurl --version > /dev/null\n' +
    '\tif [ $? -eq 0 ]\n' +
    '\tthen\n' +
    '\t\tcurl --connect-timeout 7 -s  http://169.254.169.254/latest/meta-data/instance-id\n' +
    '\tfi\n' +
    'fi\n' +
    'exit 0'
]
[IPC Library: Pty Host]  WARN Shell integration cannot be enabled for executable "/bin/sh" and args [
  '-c',
  'wget --version > /dev/null\n' +
    'if [ $? -eq 0 ]\n' +
    'then\n' +
    '\twget --connect-timeout=7 --tries=1 --dns-timeout=7 -q  -O - http://169.254.169.254/metadata/v1/id\n' +
    'else\n' +
    '\tcurl --version > /dev/null\n' +
    '\tif [ $? -eq 0 ]\n' +
    '\tthen\n' +
    '\t\tcurl --connect-timeout 7 -s  http://169.254.169.254/metadata/v1/id\n' +
    '\tfi\n' +
    'fi\n' +
    'exit 0'
]
[IPC Library: Pty Host]  WARN Shell integration cannot be enabled for executable "/bin/sh" and args [
  '-c',
  'wget --version > /dev/null\n' +
    'if [ $? -eq 0 ]\n' +
    'then\n' +
    "\twget --connect-timeout=7 --tries=1 --dns-timeout=7 -q --header='Metadata-Flavor:Google' -O - http://metadata.google.internal/computeMetadata/v1/instance/id\n" +
    'else\n' +
    '\tcurl --version > /dev/null\n' +
    '\tif [ $? -eq 0 ]\n' +
    '\tthen\n' +
    "\t\tcurl --connect-timeout 7 -s --header='Metadata-Flavor:Google' http://metadata.google.internal/computeMetadata/v1/instance/id\n" +
    '\tfi\n' +
    'fi\n' +
    'exit 0'
]
rejected promise not handled within 1 second: CodeExpectedError: Could not find pty on pty host
stack trace: CodeExpectedError: Could not find pty on pty host
    at h.J (/home/ubuntu/.vscode-server/bin/5235c6bb189b60b01b1f49062f4ffa42384f8c91/out/vs/platform/terminal/node/ptyHostMain.js:27:6395)
    at h.updateTitle (/home/ubuntu/.vscode-server/bin/5235c6bb189b60b01b1f49062f4ffa42384f8c91/out/vs/platform/terminal/node/ptyHostMain.js:27:2665)
    at Object.call (/home/ubuntu/.vscode-server/bin/5235c6bb189b60b01b1f49062f4ffa42384f8c91/out/vs/platform/terminal/node/ptyHostMain.js:17:5110)
    at r.q (/home/ubuntu/.vscode-server/bin/5235c6bb189b60b01b1f49062f4ffa42384f8c91/out/vs/platform/terminal/node/ptyHostMain.js:15:5390)
    at r.p (/home/ubuntu/.vscode-server/bin/5235c6bb189b60b01b1f49062f4ffa42384f8c91/out/vs/platform/terminal/node/ptyHostMain.js:15:4881)
    at /home/ubuntu/.vscode-server/bin/5235c6bb189b60b01b1f49062f4ffa42384f8c91/out/vs/platform/terminal/node/ptyHostMain.js:15:4286
    at n.invoke (/home/ubuntu/.vscode-server/bin/5235c6bb189b60b01b1f49062f4ffa42384f8c91/out/vs/platform/terminal/node/ptyHostMain.js:11:145)
    at C.deliver (/home/ubuntu/.vscode-server/bin/5235c6bb189b60b01b1f49062f4ffa42384f8c91/out/vs/platform/terminal/node/ptyHostMain.js:11:2038)
    at v.fire (/home/ubuntu/.vscode-server/bin/5235c6bb189b60b01b1f49062f4ffa42384f8c91/out/vs/platform/terminal/node/ptyHostMain.js:11:1676)
    at process.O (/home/ubuntu/.vscode-server/bin/5235c6bb189b60b01b1f49062f4ffa42384f8c91/out/vs/platform/terminal/node/ptyHostMain.js:9:20886)
    at process.emit (node:events:526:28)
    at emit (node:internal/child_process:938:14)
    at processTicksAndRejections (node:internal/process/task_queues:84:21)
[12:18:43] Error [CodeExpectedError]: Could not find pty on pty host
    at h.J (/home/ubuntu/.vscode-server/bin/5235c6bb189b60b01b1f49062f4ffa42384f8c91/out/vs/platform/terminal/node/ptyHostMain.js:27:6395)
    at h.updateTitle (/home/ubuntu/.vscode-server/bin/5235c6bb189b60b01b1f49062f4ffa42384f8c91/out/vs/platform/terminal/node/ptyHostMain.js:27:2665)
    at Object.call (/home/ubuntu/.vscode-server/bin/5235c6bb189b60b01b1f49062f4ffa42384f8c91/out/vs/platform/terminal/node/ptyHostMain.js:17:5110)
    at r.q (/home/ubuntu/.vscode-server/bin/5235c6bb189b60b01b1f49062f4ffa42384f8c91/out/vs/platform/terminal/node/ptyHostMain.js:15:5390)
    at r.p (/home/ubuntu/.vscode-server/bin/5235c6bb189b60b01b1f49062f4ffa42384f8c91/out/vs/platform/terminal/node/ptyHostMain.js:15:4881)
    at /home/ubuntu/.vscode-server/bin/5235c6bb189b60b01b1f49062f4ffa42384f8c91/out/vs/platform/terminal/node/ptyHostMain.js:15:4286
    at n.invoke (/home/ubuntu/.vscode-server/bin/5235c6bb189b60b01b1f49062f4ffa42384f8c91/out/vs/platform/terminal/node/ptyHostMain.js:11:145)
    at C.deliver (/home/ubuntu/.vscode-server/bin/5235c6bb189b60b01b1f49062f4ffa42384f8c91/out/vs/platform/terminal/node/ptyHostMain.js:11:2038)
    at v.fire (/home/ubuntu/.vscode-server/bin/5235c6bb189b60b01b1f49062f4ffa42384f8c91/out/vs/platform/terminal/node/ptyHostMain.js:11:1676)
    at process.O (/home/ubuntu/.vscode-server/bin/5235c6bb189b60b01b1f49062f4ffa42384f8c91/out/vs/platform/terminal/node/ptyHostMain.js:9:20886)
    at process.emit (node:events:526:28)
    at emit (node:internal/child_process:938:14)
    at processTicksAndRejections (node:internal/process/task_queues:84:21)
[12:21:42] [127.0.0.1][dc5ba04d][ManagementConnection] The client has disconnected gracefully, so the connection will be disposed.
[12:21:42] [127.0.0.1][827de81f][ExtensionHostConnection] <1901> Extension Host Process exited with code: 0, signal: null.
Cancelling previous shutdown timeout
[12:21:42] Cancelling previous shutdown timeout
Last EH closed, waiting before shutting down
[12:21:42] Last EH closed, waiting before shutting down
Got delay-shutdown request while in shutdown timeout, delaying
[12:22:22] Got delay-shutdown request while in shutdown timeout, delaying
Cancelling previous shutdown timeout
[12:22:22] Cancelling previous shutdown timeout
[12:22:23] [127.0.0.1][47b95932][ManagementConnection] New connection established.
[12:22:23] [127.0.0.1][08fff81e][ExtensionHostConnection] New connection established.
[12:22:23] [127.0.0.1][08fff81e][ExtensionHostConnection] <2067> Launched Extension Host Process.
[IPC Library: Pty Host]  WARN Shell integration cannot be enabled for executable "/bin/sh" and args [
  '-c',
  'wget --version > /dev/null\n' +
    'if [ $? -eq 0 ]\n' +
    'then\n' +
    "\twget --connect-timeout=7 --tries=1 --dns-timeout=7 -q --header='Metadata:true' -O - http://169.254.169.254/metadata/instance?api-version=2019-03-11\n" +
    'else\n' +
    '\tcurl --version > /dev/null\n' +
    '\tif [ $? -eq 0 ]\n' +
    '\tthen\n' +
    "\t\tcurl --connect-timeout 7 -s --header='Metadata:true' http://169.254.169.254/metadata/instance?api-version=2019-03-11\n" +
    '\tfi\n' +
    'fi\n' +
    'exit 0'
]
[IPC Library: Pty Host]  WARN Shell integration cannot be enabled for executable "/bin/sh" and args [
  '-c',
  'wget --version > /dev/null\n' +
    'if [ $? -eq 0 ]\n' +
    'then\n' +
    '\twget --connect-timeout=7 --tries=1 --dns-timeout=7 -q  -O - http://169.254.169.254/latest/meta-data/instance-id\n' +
    'else\n' +
    '\tcurl --version > /dev/null\n' +
    '\tif [ $? -eq 0 ]\n' +
    '\tthen\n' +
    '\t\tcurl --connect-timeout 7 -s  http://169.254.169.254/latest/meta-data/instance-id\n' +
    '\tfi\n' +
    'fi\n' +
    'exit 0'
]
[IPC Library: Pty Host]  WARN Shell integration cannot be enabled for executable "/bin/sh" and args [
  '-c',
  'wget --version > /dev/null\n' +
    'if [ $? -eq 0 ]\n' +
    'then\n' +
    '\twget --connect-timeout=7 --tries=1 --dns-timeout=7 -q  -O - http://169.254.169.254/metadata/v1/id\n' +
    'else\n' +
    '\tcurl --version > /dev/null\n' +
    '\tif [ $? -eq 0 ]\n' +
    '\tthen\n' +
    '\t\tcurl --connect-timeout 7 -s  http://169.254.169.254/metadata/v1/id\n' +
    '\tfi\n' +
    'fi\n' +
    'exit 0'
]
[IPC Library: Pty Host]  WARN Shell integration cannot be enabled for executable "/bin/sh" and args [
  '-c',
  'wget --version > /dev/null\n' +
    'if [ $? -eq 0 ]\n' +
    'then\n' +
    "\twget --connect-timeout=7 --tries=1 --dns-timeout=7 -q --header='Metadata-Flavor:Google' -O - http://metadata.google.internal/computeMetadata/v1/instance/id\n" +
    'else\n' +
    '\tcurl --version > /dev/null\n' +
    '\tif [ $? -eq 0 ]\n' +
    '\tthen\n' +
    "\t\tcurl --connect-timeout 7 -s --header='Metadata-Flavor:Google' http://metadata.google.internal/computeMetadata/v1/instance/id\n" +
    '\tfi\n' +
    'fi\n' +
    'exit 0'
]
[12:22:30] [127.0.0.1][47b95932][ManagementConnection] The client has disconnected gracefully, so the connection will be disposed.
[12:22:30] [127.0.0.1][08fff81e][ExtensionHostConnection] <2067> Extension Host Process exited with code: 0, signal: null.
Cancelling previous shutdown timeout
[12:22:30] Cancelling previous shutdown timeout
Last EH closed, waiting before shutting down
[12:22:30] Last EH closed, waiting before shutting down
Got delay-shutdown request while in shutdown timeout, delaying
[12:22:34] Got delay-shutdown request while in shutdown timeout, delaying
Cancelling previous shutdown timeout
[12:22:34] Cancelling previous shutdown timeout
[12:22:35] [127.0.0.1][514251b8][ManagementConnection] New connection established.
[12:22:36] [127.0.0.1][b403b3cc][ExtensionHostConnection] New connection established.
[12:22:36] [127.0.0.1][b403b3cc][ExtensionHostConnection] <2199> Launched Extension Host Process.
[IPC Library: Pty Host]  WARN Shell integration cannot be enabled for executable "/bin/sh" and args [
  '-c',
  'wget --version > /dev/null\n' +
    'if [ $? -eq 0 ]\n' +
    'then\n' +
    "\twget --connect-timeout=7 --tries=1 --dns-timeout=7 -q --header='Metadata:true' -O - http://169.254.169.254/metadata/instance?api-version=2019-03-11\n" +
    'else\n' +
    '\tcurl --version > /dev/null\n' +
    '\tif [ $? -eq 0 ]\n' +
    '\tthen\n' +
    "\t\tcurl --connect-timeout 7 -s --header='Metadata:true' http://169.254.169.254/metadata/instance?api-version=2019-03-11\n" +
    '\tfi\n' +
    'fi\n' +
    'exit 0'
]
[IPC Library: Pty Host]  WARN Shell integration cannot be enabled for executable "/bin/sh" and args [
  '-c',
  'wget --version > /dev/null\n' +
    'if [ $? -eq 0 ]\n' +
    'then\n' +
    '\twget --connect-timeout=7 --tries=1 --dns-timeout=7 -q  -O - http://169.254.169.254/latest/meta-data/instance-id\n' +
    'else\n' +
    '\tcurl --version > /dev/null\n' +
    '\tif [ $? -eq 0 ]\n' +
    '\tthen\n' +
    '\t\tcurl --connect-timeout 7 -s  http://169.254.169.254/latest/meta-data/instance-id\n' +
    '\tfi\n' +
    'fi\n' +
    'exit 0'
]
[IPC Library: Pty Host]  WARN Shell integration cannot be enabled for executable "/bin/sh" and args [
  '-c',
  'wget --version > /dev/null\n' +
    'if [ $? -eq 0 ]\n' +
    'then\n' +
    '\twget --connect-timeout=7 --tries=1 --dns-timeout=7 -q  -O - http://169.254.169.254/metadata/v1/id\n' +
    'else\n' +
    '\tcurl --version > /dev/null\n' +
    '\tif [ $? -eq 0 ]\n' +
    '\tthen\n' +
    '\t\tcurl --connect-timeout 7 -s  http://169.254.169.254/metadata/v1/id\n' +
    '\tfi\n' +
    'fi\n' +
    'exit 0'
]
[IPC Library: Pty Host]  WARN Shell integration cannot be enabled for executable "/bin/sh" and args [
  '-c',
  'wget --version > /dev/null\n' +
    'if [ $? -eq 0 ]\n' +
    'then\n' +
    "\twget --connect-timeout=7 --tries=1 --dns-timeout=7 -q --header='Metadata-Flavor:Google' -O - http://metadata.google.internal/computeMetadata/v1/instance/id\n" +
    'else\n' +
    '\tcurl --version > /dev/null\n' +
    '\tif [ $? -eq 0 ]\n' +
    '\tthen\n' +
    "\t\tcurl --connect-timeout 7 -s --header='Metadata-Flavor:Google' http://metadata.google.internal/computeMetadata/v1/instance/id\n" +
    '\tfi\n' +
    'fi\n' +
    'exit 0'
]
New EH opened, aborting shutdown
[12:27:34] New EH opened, aborting shutdown
[12:41:49] [File Watcher (parcel)] Unexpected error: std::bad_alloc (EUNKNOWN) (path: /home/ubuntu)
[12:41:49] [File Watcher (universal)] restarting watcher after error: std::bad_alloc
[13:09:34] [127.0.0.1][514251b8][ManagementConnection] The client has disconnected gracefully, so the connection will be disposed.
[13:09:34] [127.0.0.1][b403b3cc][ExtensionHostConnection] <2199> Extension Host Process exited with code: 0, signal: null.
Last EH closed, waiting before shutting down
[13:09:34] Last EH closed, waiting before shutting down
Got delay-shutdown request while in shutdown timeout, delaying
[13:09:54] Got delay-shutdown request while in shutdown timeout, delaying
Cancelling previous shutdown timeout
[13:09:54] Cancelling previous shutdown timeout
[13:09:55] [127.0.0.1][69e71b56][ManagementConnection] New connection established.
[13:09:56] [127.0.0.1][269240e8][ExtensionHostConnection] New connection established.
[13:09:56] [127.0.0.1][269240e8][ExtensionHostConnection] <20508> Launched Extension Host Process.
[IPC Library: Pty Host]  WARN Shell integration cannot be enabled for executable "/bin/sh" and args [
  '-c',
  'wget --version > /dev/null\n' +
    'if [ $? -eq 0 ]\n' +
    'then\n' +
    "\twget --connect-timeout=7 --tries=1 --dns-timeout=7 -q --header='Metadata:true' -O - http://169.254.169.254/metadata/instance?api-version=2019-03-11\n" +
    'else\n' +
    '\tcurl --version > /dev/null\n' +
    '\tif [ $? -eq 0 ]\n' +
    '\tthen\n' +
    "\t\tcurl --connect-timeout 7 -s --header='Metadata:true' http://169.254.169.254/metadata/instance?api-version=2019-03-11\n" +
    '\tfi\n' +
    'fi\n' +
    'exit 0'
]
[IPC Library: Pty Host]  WARN Shell integration cannot be enabled for executable "/bin/sh" and args [
  '-c',
  'wget --version > /dev/null\n' +
    'if [ $? -eq 0 ]\n' +
    'then\n' +
    '\twget --connect-timeout=7 --tries=1 --dns-timeout=7 -q  -O - http://169.254.169.254/latest/meta-data/instance-id\n' +
    'else\n' +
    '\tcurl --version > /dev/null\n' +
    '\tif [ $? -eq 0 ]\n' +
    '\tthen\n' +
    '\t\tcurl --connect-timeout 7 -s  http://169.254.169.254/latest/meta-data/instance-id\n' +
    '\tfi\n' +
    'fi\n' +
    'exit 0'
]
[IPC Library: Pty Host]  WARN Shell integration cannot be enabled for executable "/bin/sh" and args [
  '-c',
  'wget --version > /dev/null\n' +
    'if [ $? -eq 0 ]\n' +
    'then\n' +
    '\twget --connect-timeout=7 --tries=1 --dns-timeout=7 -q  -O - http://169.254.169.254/metadata/v1/id\n' +
    'else\n' +
    '\tcurl --version > /dev/null\n' +
    '\tif [ $? -eq 0 ]\n' +
    '\tthen\n' +
    '\t\tcurl --connect-timeout 7 -s  http://169.254.169.254/metadata/v1/id\n' +
    '\tfi\n' +
    'fi\n' +
    'exit 0'
]
[IPC Library: Pty Host]  WARN Shell integration cannot be enabled for executable "/bin/sh" and args [
  '-c',
  'wget --version > /dev/null\n' +
    'if [ $? -eq 0 ]\n' +
    'then\n' +
    "\twget --connect-timeout=7 --tries=1 --dns-timeout=7 -q --header='Metadata-Flavor:Google' -O - http://metadata.google.internal/computeMetadata/v1/instance/id\n" +
    'else\n' +
    '\tcurl --version > /dev/null\n' +
    '\tif [ $? -eq 0 ]\n' +
    '\tthen\n' +
    "\t\tcurl --connect-timeout 7 -s --header='Metadata-Flavor:Google' http://metadata.google.internal/computeMetadata/v1/instance/id\n" +
    '\tfi\n' +
    'fi\n' +
    'exit 0'
]
[13:10:12] [127.0.0.1][69e71b56][ManagementConnection] The client has disconnected gracefully, so the connection will be disposed.
[13:10:12] [127.0.0.1][269240e8][ExtensionHostConnection] <20508> Extension Host Process exited with code: 0, signal: null.
Cancelling previous shutdown timeout
[13:10:12] Cancelling previous shutdown timeout
Last EH closed, waiting before shutting down
[13:10:12] Last EH closed, waiting before shutting down
Got delay-shutdown request while in shutdown timeout, delaying
[13:10:20] Got delay-shutdown request while in shutdown timeout, delaying
Cancelling previous shutdown timeout
[13:10:20] Cancelling previous shutdown timeout
[13:10:20] [127.0.0.1][8783b99d][ManagementConnection] New connection established.
[13:10:21] [127.0.0.1][76ad5b2f][ExtensionHostConnection] New connection established.
[13:10:21] [127.0.0.1][76ad5b2f][ExtensionHostConnection] <20638> Launched Extension Host Process.
[IPC Library: Pty Host]  WARN Shell integration cannot be enabled for executable "/bin/sh" and args [
  '-c',
  'wget --version > /dev/null\n' +
    'if [ $? -eq 0 ]\n' +
    'then\n' +
    "\twget --connect-timeout=7 --tries=1 --dns-timeout=7 -q --header='Metadata:true' -O - http://169.254.169.254/metadata/instance?api-version=2019-03-11\n" +
    'else\n' +
    '\tcurl --version > /dev/null\n' +
    '\tif [ $? -eq 0 ]\n' +
    '\tthen\n' +
    "\t\tcurl --connect-timeout 7 -s --header='Metadata:true' http://169.254.169.254/metadata/instance?api-version=2019-03-11\n" +
    '\tfi\n' +
    'fi\n' +
    'exit 0'
]
[IPC Library: Pty Host]  WARN Shell integration cannot be enabled for executable "/bin/sh" and args [
  '-c',
  'wget --version > /dev/null\n' +
    'if [ $? -eq 0 ]\n' +
    'then\n' +
    '\twget --connect-timeout=7 --tries=1 --dns-timeout=7 -q  -O - http://169.254.169.254/latest/meta-data/instance-id\n' +
    'else\n' +
    '\tcurl --version > /dev/null\n' +
    '\tif [ $? -eq 0 ]\n' +
    '\tthen\n' +
    '\t\tcurl --connect-timeout 7 -s  http://169.254.169.254/latest/meta-data/instance-id\n' +
    '\tfi\n' +
    'fi\n' +
    'exit 0'
]
[IPC Library: Pty Host]  WARN Shell integration cannot be enabled for executable "/bin/sh" and args [
  '-c',
  'wget --version > /dev/null\n' +
    'if [ $? -eq 0 ]\n' +
    'then\n' +
    '\twget --connect-timeout=7 --tries=1 --dns-timeout=7 -q  -O - http://169.254.169.254/metadata/v1/id\n' +
    'else\n' +
    '\tcurl --version > /dev/null\n' +
    '\tif [ $? -eq 0 ]\n' +
    '\tthen\n' +
    '\t\tcurl --connect-timeout 7 -s  http://169.254.169.254/metadata/v1/id\n' +
    '\tfi\n' +
    'fi\n' +
    'exit 0'
]
[IPC Library: Pty Host]  WARN Shell integration cannot be enabled for executable "/bin/sh" and args [
  '-c',
  'wget --version > /dev/null\n' +
    'if [ $? -eq 0 ]\n' +
    'then\n' +
    "\twget --connect-timeout=7 --tries=1 --dns-timeout=7 -q --header='Metadata-Flavor:Google' -O - http://metadata.google.internal/computeMetadata/v1/instance/id\n" +
    'else\n' +
    '\tcurl --version > /dev/null\n' +
    '\tif [ $? -eq 0 ]\n' +
    '\tthen\n' +
    "\t\tcurl --connect-timeout 7 -s --header='Metadata-Flavor:Google' http://metadata.google.internal/computeMetadata/v1/instance/id\n" +
    '\tfi\n' +
    'fi\n' +
    'exit 0'
]
